<?xml version="1.0" encoding="UTF-8"?>
<!-- Generated by org.testng.reporters.JUnitReportReporter -->
<testsuite hostname="DESKTOP-8V83TKI" failures="0" tests="12" name="TestClasses.SwagLabTestClass" time="30.361" errors="0" timestamp="2022-06-06T16:01:05 IST" skipped="0">
  <testcase classname="TestClasses.SwagLabTestClass" name="verifyTest1" time="1.660"/>
  <system-out/>
  <testcase classname="TestClasses.SwagLabTestClass" name="verifyTest1" time="1.970"/>
  <system-out/>
  <testcase classname="TestClasses.SwagLabTestClass" name="verifyTest5" time="2.715"/>
  <system-out/>
  <testcase classname="TestClasses.SwagLabTestClass" name="verifyTest5" time="3.220"/>
  <system-out/>
  <testcase classname="TestClasses.SwagLabTestClass" name="verifyTest2" time="5.932"/>
  <system-out/>
  <testcase classname="TestClasses.SwagLabTestClass" name="verifyTest2" time="1.821"/>
  <system-out/>
  <testcase classname="TestClasses.SwagLabTestClass" name="verifyTest23" time="1.167"/>
  <system-out/>
  <testcase classname="TestClasses.SwagLabTestClass" name="verifyTest23" time="1.788"/>
  <system-out/>
  <testcase classname="TestClasses.SwagLabTestClass" name="verifyTest3" time="1.290"/>
  <system-out/>
  <testcase classname="TestClasses.SwagLabTestClass" name="verifyTest3" time="4.988"/>
  <system-out/>
  <testcase classname="TestClasses.SwagLabTestClass" name="verifyTest4" time="2.155"/>
  <system-out/>
  <testcase classname="TestClasses.SwagLabTestClass" name="verifyTest4" time="1.655"/>
  <system-out/>
</testsuite> <!-- TestClasses.SwagLabTestClass -->
